<?xml version="1.0" encoding="UTF-8"?>
<testng-results ignored="0" total="2" passed="2" failed="0" skipped="0">
  <reporter-output>
  </reporter-output>
  <suite started-at="2020-05-10T15:12:31Z" name="TestSuite" finished-at="2020-05-10T15:14:03Z" duration-ms="91462">
    <groups>
      <group name="cucumber">
        <method signature="AbstractTestNGCucumberTests.runScenario(io.cucumber.testng.PickleWrapper, io.cucumber.testng.FeatureWrapper)[pri:0, instance:io.cucumber.skeleton.RunCucumberTest@2cd2a21f]" name="runScenario" class="io.cucumber.testng.AbstractTestNGCucumberTests"/>
        <method signature="AbstractTestNGCucumberTests.runScenario(io.cucumber.testng.PickleWrapper, io.cucumber.testng.FeatureWrapper)[pri:0, instance:io.cucumber.skeleton.RunCucumberTest@702b8b12]" name="runScenario" class="io.cucumber.testng.AbstractTestNGCucumberTests"/>
      </group> <!-- cucumber -->
    </groups>
    <test started-at="2020-05-10T15:12:31Z" name="ChromeTest" finished-at="2020-05-10T15:13:05Z" duration-ms="33460">
      <class name="io.cucumber.skeleton.RunCucumberTest">
        <test-method is-config="true" signature="setUpClass()[pri:0, instance:io.cucumber.skeleton.RunCucumberTest@2cd2a21f]" started-at="2020-05-10T15:12:31Z" name="setUpClass" finished-at="2020-05-10T15:12:31Z" duration-ms="214" status="PASS">
          <reporter-output>
          </reporter-output>
        </test-method> <!-- setUpClass -->
        <test-method is-config="true" signature="initiate(java.lang.String)[pri:0, instance:io.cucumber.skeleton.RunCucumberTest@2cd2a21f]" started-at="2020-05-10T15:12:31Z" name="initiate" finished-at="2020-05-10T15:12:45Z" duration-ms="13766" status="PASS">
          <params>
            <param index="0">
              <value>
                <![CDATA[chrome]]>
              </value>
            </param>
          </params>
          <reporter-output>
          </reporter-output>
        </test-method> <!-- initiate -->
        <test-method signature="runScenario(io.cucumber.testng.PickleWrapper, io.cucumber.testng.FeatureWrapper)[pri:0, instance:io.cucumber.skeleton.RunCucumberTest@2cd2a21f]" started-at="2020-05-10T15:12:45Z" name="runScenario" description="Runs Cucumber Scenarios" data-provider="scenarios" finished-at="2020-05-10T15:13:00Z" duration-ms="14662" status="PASS">
          <params>
            <param index="0">
              <value>
                <![CDATA["Selenium practice scenario one with Automation practice form"]]>
              </value>
            </param>
            <param index="1">
              <value>
                <![CDATA["Selenium Practice"]]>
              </value>
            </param>
          </params>
          <reporter-output>
          </reporter-output>
        </test-method> <!-- runScenario -->
        <test-method is-config="true" signature="tearDown()[pri:0, instance:io.cucumber.skeleton.RunCucumberTest@2cd2a21f]" started-at="2020-05-10T15:13:00Z" name="tearDown" finished-at="2020-05-10T15:13:04Z" duration-ms="4312" status="PASS">
          <reporter-output>
          </reporter-output>
        </test-method> <!-- tearDown -->
        <test-method is-config="true" signature="tearDownClass()[pri:0, instance:io.cucumber.skeleton.RunCucumberTest@2cd2a21f]" started-at="2020-05-10T15:13:04Z" name="tearDownClass" finished-at="2020-05-10T15:13:05Z" duration-ms="211" status="PASS">
          <reporter-output>
          </reporter-output>
        </test-method> <!-- tearDownClass -->
      </class> <!-- io.cucumber.skeleton.RunCucumberTest -->
    </test> <!-- ChromeTest -->
    <test started-at="2020-05-10T15:13:05Z" name="FirefoxTest" finished-at="2020-05-10T15:14:03Z" duration-ms="57917">
      <class name="io.cucumber.skeleton.RunCucumberTest">
        <test-method is-config="true" signature="setUpClass()[pri:0, instance:io.cucumber.skeleton.RunCucumberTest@702b8b12]" started-at="2020-05-10T15:13:05Z" name="setUpClass" finished-at="2020-05-10T15:13:05Z" duration-ms="6" status="PASS">
          <reporter-output>
          </reporter-output>
        </test-method> <!-- setUpClass -->
        <test-method is-config="true" signature="initiate(java.lang.String)[pri:0, instance:io.cucumber.skeleton.RunCucumberTest@702b8b12]" started-at="2020-05-10T15:13:05Z" name="initiate" finished-at="2020-05-10T15:13:29Z" duration-ms="24223" status="PASS">
          <params>
            <param index="0">
              <value>
                <![CDATA[gecko]]>
              </value>
            </param>
          </params>
          <reporter-output>
          </reporter-output>
        </test-method> <!-- initiate -->
        <test-method signature="runScenario(io.cucumber.testng.PickleWrapper, io.cucumber.testng.FeatureWrapper)[pri:0, instance:io.cucumber.skeleton.RunCucumberTest@702b8b12]" started-at="2020-05-10T15:13:29Z" name="runScenario" description="Runs Cucumber Scenarios" data-provider="scenarios" finished-at="2020-05-10T15:13:51Z" duration-ms="21754" status="PASS">
          <params>
            <param index="0">
              <value>
                <![CDATA["Selenium practice scenario one with Automation practice form"]]>
              </value>
            </param>
            <param index="1">
              <value>
                <![CDATA["Selenium Practice"]]>
              </value>
            </param>
          </params>
          <reporter-output>
          </reporter-output>
        </test-method> <!-- runScenario -->
        <test-method is-config="true" signature="tearDown()[pri:0, instance:io.cucumber.skeleton.RunCucumberTest@702b8b12]" started-at="2020-05-10T15:13:51Z" name="tearDown" finished-at="2020-05-10T15:14:02Z" duration-ms="11798" status="PASS">
          <reporter-output>
          </reporter-output>
        </test-method> <!-- tearDown -->
        <test-method is-config="true" signature="tearDownClass()[pri:0, instance:io.cucumber.skeleton.RunCucumberTest@702b8b12]" started-at="2020-05-10T15:14:02Z" name="tearDownClass" finished-at="2020-05-10T15:14:03Z" duration-ms="115" status="PASS">
          <reporter-output>
          </reporter-output>
        </test-method> <!-- tearDownClass -->
      </class> <!-- io.cucumber.skeleton.RunCucumberTest -->
    </test> <!-- FirefoxTest -->
  </suite> <!-- TestSuite -->
</testng-results>
